<?xml version="1.0" encoding="UTF-8"?>
<testsuite xmlns:xsi="http://www.w3.org/2001/XMLSchema-instance" xsi:noNamespaceSchemaLocation="https://maven.apache.org/surefire/maven-surefire-plugin/xsd/surefire-test-report.xsd" version="3.0.2" name="org.example.controller.FilesControllerImplementationTest" time="3.579" tests="10" errors="0" skipped="0" failures="0">
  <properties>
[...]
</properties>
  <testcase name="shouldFailToDeleteBucket" classname="org.example.controller.FilesControllerImplementationTest" time="0.123">
    <system-out><![CDATA[21:16:01.025 [main] INFO org.springframework.test.context.support.AnnotationConfigContextLoaderUtils -- Could not detect default configuration classes for test class [org.example.controller.FilesControllerImplementationTest]: FilesControllerImplementationTest does not declare any static, non-private, non-final, nested classes annotated with @Configuration.
21:16:01.204 [main] INFO org.springframework.boot.test.context.SpringBootTestContextBootstrapper -- Found @SpringBootConfiguration org.example.Application for test class org.example.controller.FilesControllerImplementationTest

  .   ____          _            __ _ _
 /\\ / ___'_ __ _ _(_)_ __  __ _ \ \ \ \
( ( )\___ | '_ | '_| | '_ \/ _` | \ \ \ \
 \\/  ___)| |_)| | | | | || (_| |  ) ) ) )
  '  |____| .__|_| |_|_| |_\__, | / / / /
 =========|_|==============|___/=/_/_/_/

 :: Spring Boot ::       (v3.5.0-SNAPSHOT)

2025-03-05T21:16:01.669+03:00  INFO 2417 --- [demo] [           main] o.e.c.FilesControllerImplementationTest  : Starting FilesControllerImplementationTest using Java 22.0.2 with PID 2417 (started by mihaillepenkin in /Users/mihaillepenkin/Desktop/LepenkinMihailMTS2)
2025-03-05T21:16:01.670+03:00  INFO 2417 --- [demo] [           main] o.e.c.FilesControllerImplementationTest  : No active profile set, falling back to 1 default profile: "default"
2025-03-05T21:16:03.553+03:00  INFO 2417 --- [demo] [           main] o.s.v.b.OptionalValidatorFactoryBean     : Failed to set up a Bean Validation provider: jakarta.validation.NoProviderFoundException: Unable to create a Configuration, because no Jakarta Bean Validation provider could be found. Add a provider like Hibernate Validator (RI) to your classpath.
2025-03-05T21:16:03.922+03:00  INFO 2417 --- [demo] [           main] r$InitializeUserDetailsManagerConfigurer : Global AuthenticationManager configured with UserDetailsService bean with name inMemoryUserDetailsManager
2025-03-05T21:16:04.089+03:00  INFO 2417 --- [demo] [           main] o.s.b.t.m.w.SpringBootMockServletContext : Initializing Spring TestDispatcherServlet ''
2025-03-05T21:16:04.089+03:00  INFO 2417 --- [demo] [           main] o.s.t.web.servlet.TestDispatcherServlet  : Initializing Servlet ''
2025-03-05T21:16:04.090+03:00  INFO 2417 --- [demo] [           main] o.s.t.web.servlet.TestDispatcherServlet  : Completed initialization in 1 ms
2025-03-05T21:16:04.210+03:00  INFO 2417 --- [demo] [           main] o.e.c.FilesControllerImplementationTest  : Started FilesControllerImplementationTest in 2.927 seconds (process running for 4.065)
]]></system-out>
    <system-err><![CDATA[Mockito is currently self-attaching to enable the inline-mock-maker. This will no longer work in future releases of the JDK. Please add Mockito as an agent to your build as described in Mockito's documentation: https://javadoc.io/doc/org.mockito/mockito-core/latest/org/mockito/Mockito.html#0.3
WARNING: A Java agent has been loaded dynamically (/Users/mihaillepenkin/.m2/repository/net/bytebuddy/byte-buddy-agent/1.17.1/byte-buddy-agent-1.17.1.jar)
WARNING: If a serviceability tool is in use, please run with -XX:+EnableDynamicAgentLoading to hide this warning
WARNING: If a serviceability tool is not in use, please run with -Djdk.instrument.traceUsage for more information
WARNING: Dynamic loading of agents will be disallowed by default in a future release
]]></system-err>
  </testcase>
  <testcase name="shouldFailToReplaceFile" classname="org.example.controller.FilesControllerImplementationTest" time="0.007"/>
  <testcase name="shouldSuccessfullyDeleteBucket" classname="org.example.controller.FilesControllerImplementationTest" time="0.006"/>
  <testcase name="shouldFailToRenameFile" classname="org.example.controller.FilesControllerImplementationTest" time="0.008"/>
  <testcase name="shouldFailToRenameBucket" classname="org.example.controller.FilesControllerImplementationTest" time="0.005"/>
  <testcase name="shouldSuccessfullyDeleteFile" classname="org.example.controller.FilesControllerImplementationTest" time="0.004"/>
  <testcase name="shouldSuccessfullyRenameBucket" classname="org.example.controller.FilesControllerImplementationTest" time="0.005"/>
  <testcase name="shouldSuccessfullyReplaceFile" classname="org.example.controller.FilesControllerImplementationTest" time="0.008"/>
  <testcase name="shouldSuccessfullyRenameFile" classname="org.example.controller.FilesControllerImplementationTest" time="0.004"/>
  <testcase name="shouldFailToDeleteFile" classname="org.example.controller.FilesControllerImplementationTest" time="0.004"/>
</testsuite>