<?xml version="1.0" encoding="UTF-8"?>
<testsuite xmlns:xsi="http://www.w3.org/2001/XMLSchema-instance" xsi:noNamespaceSchemaLocation="https://maven.apache.org/surefire/maven-surefire-plugin/xsd/surefire-test-report.xsd" version="3.0.2" name="org.example.controller.FilesControllerImplementationTest" time="3.394" tests="3" errors="0" skipped="0" failures="0">
  <properties>
[...]
</properties>
  <testcase name="delete" classname="org.example.controller.FilesControllerImplementationTest" time="0.853">
    <system-out><![CDATA[14:35:23.942 [main] INFO org.springframework.test.context.support.AnnotationConfigContextLoaderUtils -- Could not detect default configuration classes for test class [org.example.controller.FilesControllerImplementationTest]: FilesControllerImplementationTest does not declare any static, non-private, non-final, nested classes annotated with @Configuration.
14:35:24.092 [main] INFO org.springframework.boot.test.context.SpringBootTestContextBootstrapper -- Found @SpringBootConfiguration org.example.Application for test class org.example.controller.FilesControllerImplementationTest

  .   ____          _            __ _ _
 /\\ / ___'_ __ _ _(_)_ __  __ _ \ \ \ \
( ( )\___ | '_ | '_| | '_ \/ _` | \ \ \ \
 \\/  ___)| |_)| | | | | || (_| |  ) ) ) )
  '  |____| .__|_| |_|_| |_\__, | / / / /
 =========|_|==============|___/=/_/_/_/

 :: Spring Boot ::       (v3.5.0-SNAPSHOT)

2025-02-27T14:35:24.616+03:00  INFO 10507 --- [demo] [           main] o.e.c.FilesControllerImplementationTest  : Starting FilesControllerImplementationTest using Java 22.0.2 with PID 10507 (started by mihaillepenkin in /Users/mihaillepenkin/Desktop/LepenkinMihailMTS2)
2025-02-27T14:35:24.617+03:00  INFO 10507 --- [demo] [           main] o.e.c.FilesControllerImplementationTest  : No active profile set, falling back to 1 default profile: "default"
2025-02-27T14:35:25.590+03:00  INFO 10507 --- [demo] [           main] o.s.b.w.embedded.tomcat.TomcatWebServer  : Tomcat initialized with port 0 (http)
2025-02-27T14:35:25.605+03:00  INFO 10507 --- [demo] [           main] o.apache.catalina.core.StandardService   : Starting service [Tomcat]
2025-02-27T14:35:25.606+03:00  INFO 10507 --- [demo] [           main] o.apache.catalina.core.StandardEngine    : Starting Servlet engine: [Apache Tomcat/10.1.36]
2025-02-27T14:35:25.653+03:00  INFO 10507 --- [demo] [           main] o.a.c.c.C.[Tomcat].[localhost].[/]       : Initializing Spring embedded WebApplicationContext
2025-02-27T14:35:25.654+03:00  INFO 10507 --- [demo] [           main] w.s.c.ServletWebServerApplicationContext : Root WebApplicationContext: initialization completed in 1017 ms
2025-02-27T14:35:25.819+03:00  INFO 10507 --- [demo] [           main] o.s.v.b.OptionalValidatorFactoryBean     : Failed to set up a Bean Validation provider: jakarta.validation.NoProviderFoundException: Unable to create a Configuration, because no Jakarta Bean Validation provider could be found. Add a provider like Hibernate Validator (RI) to your classpath.
2025-02-27T14:35:26.233+03:00  INFO 10507 --- [demo] [           main] o.s.b.w.embedded.tomcat.TomcatWebServer  : Tomcat started on port 51676 (http) with context path '/'
2025-02-27T14:35:26.241+03:00  INFO 10507 --- [demo] [           main] o.e.c.FilesControllerImplementationTest  : Started FilesControllerImplementationTest in 1.994 seconds (process running for 3.178)
2025-02-27T14:35:27.027+03:00  INFO 10507 --- [demo] [o-auto-1-exec-1] o.a.c.c.C.[Tomcat].[localhost].[/]       : Initializing Spring DispatcherServlet 'dispatcherServlet'
2025-02-27T14:35:27.027+03:00  INFO 10507 --- [demo] [o-auto-1-exec-1] o.s.web.servlet.DispatcherServlet        : Initializing Servlet 'dispatcherServlet'
2025-02-27T14:35:27.028+03:00  INFO 10507 --- [demo] [o-auto-1-exec-1] o.s.web.servlet.DispatcherServlet        : Completed initialization in 1 ms
2025-02-27T14:35:27.058+03:00  INFO 10507 --- [demo] [o-auto-1-exec-1] org.example.service.FilesService         : Функция удаления
2025-02-27T14:35:27.059+03:00  INFO 10507 --- [demo] [o-auto-1-exec-1] org.example.repository.FilesRepository   : Функция удаления вызвана в репозитории
]]></system-out>
    <system-err><![CDATA[Mockito is currently self-attaching to enable the inline-mock-maker. This will no longer work in future releases of the JDK. Please add Mockito as an agent to your build as described in Mockito's documentation: https://javadoc.io/doc/org.mockito/mockito-core/latest/org/mockito/Mockito.html#0.3
WARNING: A Java agent has been loaded dynamically (/Users/mihaillepenkin/.m2/repository/net/bytebuddy/byte-buddy-agent/1.17.1/byte-buddy-agent-1.17.1.jar)
WARNING: If a serviceability tool is in use, please run with -XX:+EnableDynamicAgentLoading to hide this warning
WARNING: If a serviceability tool is not in use, please run with -Djdk.instrument.traceUsage for more information
WARNING: Dynamic loading of agents will be disallowed by default in a future release
]]></system-err>
  </testcase>
  <testcase name="rename" classname="org.example.controller.FilesControllerImplementationTest" time="0.012">
    <system-out><![CDATA[2025-02-27T14:35:27.110+03:00  INFO 10507 --- [demo] [o-auto-1-exec-2] org.example.service.FilesService         : Функция переименования
2025-02-27T14:35:27.110+03:00  INFO 10507 --- [demo] [o-auto-1-exec-2] org.example.repository.FilesRepository   : Функция переименования вызвана в репозитории
]]></system-out>
  </testcase>
  <testcase name="replace" classname="org.example.controller.FilesControllerImplementationTest" time="0.007">
    <system-out><![CDATA[2025-02-27T14:35:27.118+03:00  INFO 10507 --- [demo] [o-auto-1-exec-3] org.example.service.FilesService         : Функция перемещения
2025-02-27T14:35:27.119+03:00  INFO 10507 --- [demo] [o-auto-1-exec-3] org.example.repository.FilesRepository   : Функция перемещения вызвана в репозитории
]]></system-out>
  </testcase>
</testsuite>